mode: set
github.com/sean9999/go-delphi/key.go:20.31,21.22 1 1
github.com/sean9999/go-delphi/key.go:21.22,22.13 1 1
github.com/sean9999/go-delphi/key.go:22.13,24.4 1 1
github.com/sean9999/go-delphi/key.go:26.2,26.13 1 1
github.com/sean9999/go-delphi/key.go:29.32,31.2 1 1
github.com/sean9999/go-delphi/key.go:36.44,39.2 2 0
github.com/sean9999/go-delphi/key.go:41.45,45.2 3 0
github.com/sean9999/go-delphi/key.go:56.44,58.2 1 0
github.com/sean9999/go-delphi/key.go:61.28,63.2 1 1
github.com/sean9999/go-delphi/key.go:65.33,74.2 8 0
github.com/sean9999/go-delphi/key.go:80.33,82.2 1 1
github.com/sean9999/go-delphi/key.go:84.29,89.2 4 1
github.com/sean9999/go-delphi/key.go:91.30,95.16 4 0
github.com/sean9999/go-delphi/key.go:95.17,97.3 0 0
github.com/sean9999/go-delphi/key.go:98.2,98.12 1 0
github.com/sean9999/go-delphi/key.go:101.32,102.19 1 0
github.com/sean9999/go-delphi/key.go:102.19,108.12 4 0
github.com/sean9999/go-delphi/key.go:108.12,110.4 1 0
github.com/sean9999/go-delphi/key.go:116.2,116.13 1 0
github.com/sean9999/go-delphi/key.go:119.31,121.2 1 1
github.com/sean9999/go-delphi/key.go:123.34,125.2 1 1
github.com/sean9999/go-delphi/key.go:127.33,132.2 4 1
github.com/sean9999/go-delphi/key.go:134.29,136.2 1 0
github.com/sean9999/go-delphi/key.go:138.33,140.16 2 0
github.com/sean9999/go-delphi/key.go:140.16,142.3 1 0
github.com/sean9999/go-delphi/key.go:143.2,143.26 1 0
github.com/sean9999/go-delphi/key.go:146.33,151.25 3 1
github.com/sean9999/go-delphi/key.go:151.25,152.86 1 1
github.com/sean9999/go-delphi/key.go:154.2,157.10 4 0
github.com/sean9999/go-delphi/key.go:160.40,164.2 3 1
github.com/sean9999/go-delphi/key.go:166.34,168.2 1 1
github.com/sean9999/go-delphi/key.go:171.42,186.16 4 1
github.com/sean9999/go-delphi/key.go:186.16,187.13 1 0
github.com/sean9999/go-delphi/key.go:189.2,196.16 5 1
github.com/sean9999/go-delphi/key.go:196.16,197.13 1 0
github.com/sean9999/go-delphi/key.go:200.2,203.11 3 1
github.com/sean9999/go-delphi/kv.go:14.41,16.2 1 0
github.com/sean9999/go-delphi/kv.go:18.59,20.2 1 0
github.com/sean9999/go-delphi/kv.go:22.54,24.2 1 0
github.com/sean9999/go-delphi/kv.go:26.46,28.38 2 1
github.com/sean9999/go-delphi/kv.go:28.38,31.3 2 1
github.com/sean9999/go-delphi/kv.go:32.2,33.32 2 1
github.com/sean9999/go-delphi/kv.go:36.47,40.42 4 0
github.com/sean9999/go-delphi/kv.go:40.42,44.3 3 0
github.com/sean9999/go-delphi/kv.go:45.2,45.12 1 0
github.com/sean9999/go-delphi/kv.go:48.55,50.23 2 1
github.com/sean9999/go-delphi/kv.go:50.23,52.3 1 1
github.com/sean9999/go-delphi/kv.go:53.2,54.47 2 1
github.com/sean9999/go-delphi/kv.go:54.47,55.26 1 1
github.com/sean9999/go-delphi/kv.go:55.26,57.20 2 1
github.com/sean9999/go-delphi/kv.go:57.20,59.5 1 0
github.com/sean9999/go-delphi/kv.go:64.44,66.2 1 0
github.com/sean9999/go-delphi/message.go:38.58,40.16 2 0
github.com/sean9999/go-delphi/message.go:40.16,41.13 1 0
github.com/sean9999/go-delphi/message.go:43.2,43.10 1 0
github.com/sean9999/go-delphi/message.go:47.45,49.16 2 0
github.com/sean9999/go-delphi/message.go:49.16,50.13 1 0
github.com/sean9999/go-delphi/message.go:52.2,52.10 1 0
github.com/sean9999/go-delphi/message.go:56.48,58.2 1 0
github.com/sean9999/go-delphi/message.go:61.48,63.16 2 0
github.com/sean9999/go-delphi/message.go:63.16,64.13 1 0
github.com/sean9999/go-delphi/message.go:66.2,66.10 1 0
github.com/sean9999/go-delphi/message.go:70.54,71.23 1 1
github.com/sean9999/go-delphi/message.go:71.23,73.3 1 1
github.com/sean9999/go-delphi/message.go:74.2,76.20 3 1
github.com/sean9999/go-delphi/message.go:76.20,77.24 1 0
github.com/sean9999/go-delphi/message.go:79.2,79.16 1 1
github.com/sean9999/go-delphi/message.go:79.16,80.47 1 0
github.com/sean9999/go-delphi/message.go:82.2,83.16 2 1
github.com/sean9999/go-delphi/message.go:86.51,88.2 1 0
github.com/sean9999/go-delphi/message.go:90.51,92.2 1 0
github.com/sean9999/go-delphi/message.go:121.69,124.13 2 0
github.com/sean9999/go-delphi/message.go:124.13,126.3 1 0
github.com/sean9999/go-delphi/message.go:128.2,129.16 2 0
github.com/sean9999/go-delphi/message.go:129.16,131.3 1 0
github.com/sean9999/go-delphi/message.go:133.2,133.15 1 0
github.com/sean9999/go-delphi/message.go:136.37,140.19 2 0
github.com/sean9999/go-delphi/message.go:140.19,142.3 1 0
github.com/sean9999/go-delphi/message.go:142.8,144.3 1 0
github.com/sean9999/go-delphi/message.go:146.2,149.30 3 0
github.com/sean9999/go-delphi/message.go:149.30,151.3 1 0
github.com/sean9999/go-delphi/message.go:152.2,152.27 1 0
github.com/sean9999/go-delphi/message.go:152.27,154.3 1 0
github.com/sean9999/go-delphi/message.go:155.2,155.20 1 0
github.com/sean9999/go-delphi/message.go:155.20,157.3 1 0
github.com/sean9999/go-delphi/message.go:158.2,158.23 1 0
github.com/sean9999/go-delphi/message.go:158.23,160.3 1 0
github.com/sean9999/go-delphi/message.go:161.2,161.20 1 0
github.com/sean9999/go-delphi/message.go:161.20,163.3 1 0
github.com/sean9999/go-delphi/message.go:165.2,170.10 2 0
github.com/sean9999/go-delphi/message.go:173.46,180.30 2 0
github.com/sean9999/go-delphi/message.go:180.30,181.12 1 0
github.com/sean9999/go-delphi/message.go:182.16,184.18 2 0
github.com/sean9999/go-delphi/message.go:184.18,186.5 1 0
github.com/sean9999/go-delphi/message.go:187.4,187.24 1 0
github.com/sean9999/go-delphi/message.go:188.14,190.18 2 0
github.com/sean9999/go-delphi/message.go:190.18,192.5 1 0
github.com/sean9999/go-delphi/message.go:193.4,193.15 1 0
github.com/sean9999/go-delphi/message.go:194.15,196.18 2 0
github.com/sean9999/go-delphi/message.go:196.18,198.5 1 0
github.com/sean9999/go-delphi/message.go:199.4,199.41 1 0
github.com/sean9999/go-delphi/message.go:200.13,202.18 2 0
github.com/sean9999/go-delphi/message.go:202.18,204.5 1 0
github.com/sean9999/go-delphi/message.go:205.4,205.44 1 0
github.com/sean9999/go-delphi/message.go:206.14,208.18 2 0
github.com/sean9999/go-delphi/message.go:208.18,210.5 1 0
github.com/sean9999/go-delphi/message.go:211.4,211.15 1 0
github.com/sean9999/go-delphi/message.go:212.11,213.20 1 0
github.com/sean9999/go-delphi/message.go:217.2,219.16 2 0
github.com/sean9999/go-delphi/message.go:220.32,221.25 1 0
github.com/sean9999/go-delphi/message.go:222.28,222.28 0 0
github.com/sean9999/go-delphi/message.go:223.10,225.24 1 0
github.com/sean9999/go-delphi/message.go:227.2,227.12 1 0
github.com/sean9999/go-delphi/message.go:230.35,234.2 3 0
github.com/sean9999/go-delphi/message.go:236.47,237.25 1 0
github.com/sean9999/go-delphi/message.go:237.25,240.3 2 0
github.com/sean9999/go-delphi/message.go:241.2,241.27 1 0
github.com/sean9999/go-delphi/message.go:241.27,245.3 3 0
github.com/sean9999/go-delphi/message.go:245.8,247.3 1 0
github.com/sean9999/go-delphi/message.go:250.48,256.2 5 0
github.com/sean9999/go-delphi/message.go:258.34,260.2 1 1
github.com/sean9999/go-delphi/message.go:262.38,264.2 1 1
github.com/sean9999/go-delphi/message.go:266.34,269.2 1 1
github.com/sean9999/go-delphi/message.go:272.46,279.18 2 1
github.com/sean9999/go-delphi/message.go:279.18,281.3 1 0
github.com/sean9999/go-delphi/message.go:282.2,282.24 1 1
github.com/sean9999/go-delphi/message.go:282.24,284.3 1 0
github.com/sean9999/go-delphi/message.go:285.2,285.28 1 1
github.com/sean9999/go-delphi/message.go:285.28,287.3 1 0
github.com/sean9999/go-delphi/message.go:289.2,292.21 4 1
github.com/sean9999/go-delphi/message.go:292.21,294.3 1 0
github.com/sean9999/go-delphi/message.go:294.8,296.3 1 1
github.com/sean9999/go-delphi/message.go:298.2,298.47 1 1
github.com/sean9999/go-delphi/message.go:298.47,301.3 2 0
github.com/sean9999/go-delphi/message.go:303.2,303.27 1 1
github.com/sean9999/go-delphi/message.go:307.71,311.16 4 1
github.com/sean9999/go-delphi/message.go:311.16,313.3 1 0
github.com/sean9999/go-delphi/message.go:314.2,315.16 2 1
github.com/sean9999/go-delphi/message.go:315.16,317.3 1 0
github.com/sean9999/go-delphi/message.go:319.2,320.12 2 1
github.com/sean9999/go-delphi/message.go:324.35,326.16 2 0
github.com/sean9999/go-delphi/message.go:326.16,327.13 1 0
github.com/sean9999/go-delphi/message.go:329.2,330.47 2 0
github.com/sean9999/go-delphi/message.go:334.93,337.16 3 1
github.com/sean9999/go-delphi/message.go:337.16,339.3 1 1
github.com/sean9999/go-delphi/message.go:339.8,341.3 1 1
github.com/sean9999/go-delphi/message.go:342.2,342.12 1 1
github.com/sean9999/go-delphi/message.go:346.74,353.2 5 1
github.com/sean9999/go-delphi/nonce.go:14.34,15.26 1 1
github.com/sean9999/go-delphi/nonce.go:15.26,16.13 1 1
github.com/sean9999/go-delphi/nonce.go:16.13,18.4 1 1
github.com/sean9999/go-delphi/nonce.go:20.2,20.13 1 1
github.com/sean9999/go-delphi/nonce.go:23.35,25.2 1 1
github.com/sean9999/go-delphi/nonce.go:27.38,31.2 3 0
github.com/sean9999/go-delphi/nonce.go:33.37,37.2 3 0
github.com/sean9999/go-delphi/principal.go:31.91,34.2 2 1
github.com/sean9999/go-delphi/principal.go:37.91,40.2 2 1
github.com/sean9999/go-delphi/principal.go:43.76,45.21 1 1
github.com/sean9999/go-delphi/principal.go:45.21,47.3 1 0
github.com/sean9999/go-delphi/principal.go:48.2,48.18 1 1
github.com/sean9999/go-delphi/principal.go:48.18,50.3 1 0
github.com/sean9999/go-delphi/principal.go:52.2,52.31 1 1
github.com/sean9999/go-delphi/principal.go:52.31,54.3 1 1
github.com/sean9999/go-delphi/principal.go:56.2,57.16 2 1
github.com/sean9999/go-delphi/principal.go:57.16,59.3 1 0
github.com/sean9999/go-delphi/principal.go:61.2,65.16 4 1
github.com/sean9999/go-delphi/principal.go:65.16,67.3 1 0
github.com/sean9999/go-delphi/principal.go:69.2,70.16 2 1
github.com/sean9999/go-delphi/principal.go:70.16,72.3 1 0
github.com/sean9999/go-delphi/principal.go:74.2,77.33 3 1
github.com/sean9999/go-delphi/principal.go:77.33,79.3 1 1
github.com/sean9999/go-delphi/principal.go:81.2,81.12 1 1
github.com/sean9999/go-delphi/principal.go:85.76,88.16 2 1
github.com/sean9999/go-delphi/principal.go:88.16,90.3 1 0
github.com/sean9999/go-delphi/principal.go:92.2,93.16 2 1
github.com/sean9999/go-delphi/principal.go:93.16,95.3 1 0
github.com/sean9999/go-delphi/principal.go:97.2,98.16 2 1
github.com/sean9999/go-delphi/principal.go:98.16,100.3 1 0
github.com/sean9999/go-delphi/principal.go:101.2,103.12 3 1
github.com/sean9999/go-delphi/principal.go:110.58,112.2 1 0
github.com/sean9999/go-delphi/principal.go:114.60,116.2 1 1
github.com/sean9999/go-delphi/principal.go:118.61,120.16 2 1
github.com/sean9999/go-delphi/principal.go:120.16,121.13 1 0
github.com/sean9999/go-delphi/principal.go:123.2,123.13 1 1
github.com/sean9999/go-delphi/principal.go:126.59,128.2 1 1
github.com/sean9999/go-delphi/principal.go:130.37,132.2 1 1
github.com/sean9999/go-delphi/principal.go:134.38,136.2 1 0
github.com/sean9999/go-delphi/principal.go:138.47,140.2 1 0
github.com/sean9999/go-delphi/principal.go:142.53,145.2 1 0
github.com/sean9999/go-delphi/principal.go:147.53,149.2 1 0
github.com/sean9999/go-delphi/principal.go:151.53,153.28 1 0
github.com/sean9999/go-delphi/principal.go:153.28,155.3 1 0
github.com/sean9999/go-delphi/principal.go:156.2,158.12 3 0
github.com/sean9999/go-delphi/principal.go:162.47,166.2 3 1
github.com/sean9999/go-delphi/principal.go:169.52,170.27 1 0
github.com/sean9999/go-delphi/principal.go:170.27,172.3 1 0
github.com/sean9999/go-delphi/principal.go:173.2,175.16 3 0
github.com/sean9999/go-delphi/principal.go:175.16,177.3 1 0
github.com/sean9999/go-delphi/principal.go:178.2,178.16 1 0
github.com/sean9999/go-delphi/principal.go:181.38,183.2 1 0
github.com/sean9999/go-delphi/principal.go:189.33,194.2 4 0
github.com/sean9999/go-delphi/principal.go:196.52,206.2 2 0
github.com/sean9999/go-delphi/principal.go:208.53,209.36 1 0
github.com/sean9999/go-delphi/principal.go:209.36,211.3 1 0
github.com/sean9999/go-delphi/principal.go:212.2,212.34 1 0
github.com/sean9999/go-delphi/principal.go:212.34,214.3 1 0
github.com/sean9999/go-delphi/principal.go:215.2,219.12 5 0
github.com/sean9999/go-delphi/principal.go:222.74,227.2 4 0
github.com/sean9999/go-delphi/util.go:26.133,30.61 2 1
github.com/sean9999/go-delphi/util.go:30.61,32.3 1 0
github.com/sean9999/go-delphi/util.go:35.2,36.16 2 1
github.com/sean9999/go-delphi/util.go:36.16,38.3 1 0
github.com/sean9999/go-delphi/util.go:41.2,42.16 2 1
github.com/sean9999/go-delphi/util.go:42.16,44.3 1 0
github.com/sean9999/go-delphi/util.go:47.2,54.56 6 1
github.com/sean9999/go-delphi/util.go:54.56,56.3 1 0
github.com/sean9999/go-delphi/util.go:61.2,61.43 1 1
github.com/sean9999/go-delphi/util.go:64.101,67.16 2 1
github.com/sean9999/go-delphi/util.go:67.16,69.3 1 0
github.com/sean9999/go-delphi/util.go:71.2,77.56 6 1
github.com/sean9999/go-delphi/util.go:77.56,79.3 1 0
github.com/sean9999/go-delphi/util.go:80.2,80.26 1 1
github.com/sean9999/go-delphi/util.go:83.78,85.16 2 1
github.com/sean9999/go-delphi/util.go:85.16,87.3 1 0
github.com/sean9999/go-delphi/util.go:88.2,88.51 1 1
github.com/sean9999/go-delphi/util.go:91.79,93.16 2 1
github.com/sean9999/go-delphi/util.go:93.16,95.3 1 0
github.com/sean9999/go-delphi/util.go:96.2,96.47 1 1
